<?xml version="1.0" encoding="UTF-8"?>
<!-- Generated by org.testng.reporters.JUnitXMLReporter -->
<testsuite ignored="0" hostname="Sayan" failures="0" tests="4" name="Default test" time="0.128" errors="0" timestamp="11 Jan 2025 10:17:18 GMT">
  <testcase classname="com.testbot.testcases.dockerSeleniumTest" name="@BeforeTest setup" time="0.0">
    <failure type="org.testng.TestNGException" message="
Parameter &amp;apos;browser&amp;apos; is required by BeforeTest on method setup but has not been marked @Optional or defined
in C:\Users\ASUS\AppData\Local\Temp\testng-eclipse-429739077\testng-customsuite.xml">
      <![CDATA[org.testng.TestNGException: 
Parameter 'browser' is required by BeforeTest on method setup but has not been marked @Optional or defined
in C:\Users\ASUS\AppData\Local\Temp\testng-eclipse-429739077\testng-customsuite.xml
at org.testng.internal.Parameters.createParams(Parameters.java:290)
at org.testng.internal.Parameters.createParametersForMethod(Parameters.java:359)
at org.testng.internal.Parameters.createParameters(Parameters.java:620)
at org.testng.internal.Parameters.createConfigurationParameters(Parameters.java:190)
at org.testng.internal.Invoker.invokeConfigurations(Invoker.java:209)
at org.testng.internal.Invoker.invokeConfigurations(Invoker.java:142)
at org.testng.TestRunner.beforeRun(TestRunner.java:529)
at org.testng.TestRunner.run(TestRunner.java:497)
at org.testng.SuiteRunner.runTest(SuiteRunner.java:455)
at org.testng.SuiteRunner.runSequentially(SuiteRunner.java:450)
at org.testng.SuiteRunner.privateRun(SuiteRunner.java:415)
at org.testng.SuiteRunner.run(SuiteRunner.java:364)
at org.testng.SuiteRunnerWorker.runSuite(SuiteRunnerWorker.java:52)
at org.testng.SuiteRunnerWorker.run(SuiteRunnerWorker.java:84)
at org.testng.TestNG.runSuitesSequentially(TestNG.java:1208)
at org.testng.TestNG.runSuitesLocally(TestNG.java:1137)
at org.testng.TestNG.runSuites(TestNG.java:1049)
at org.testng.TestNG.run(TestNG.java:1017)
at org.testng.remote.AbstractRemoteTestNG.run(AbstractRemoteTestNG.java:115)
at org.testng.remote.RemoteTestNG.initAndRun(RemoteTestNG.java:293)
at org.testng.remote.RemoteTestNG.main(RemoteTestNG.java:91)
]]>
    </failure>
  </testcase> <!-- @BeforeTest setup -->
  <testcase classname="com.testbot.testcases.dockerSeleniumTest" name="@AfterTest closeBrowser" time="0.0">
    <skipped/>
  </testcase> <!-- @AfterTest closeBrowser -->
  <testcase classname="com.testbot.testcases.dockerSeleniumTest" name="facebookOnChromeTest" time="0.0">
    <skipped/>
  </testcase> <!-- facebookOnChromeTest -->
  <testcase classname="com.testbot.testcases.dockerSeleniumTest" name="facebookOnEdgeTest" time="0.0">
    <skipped/>
  </testcase> <!-- facebookOnEdgeTest -->
  <testcase classname="com.testbot.testcases.dockerSeleniumTest" name="googleOnChromeTest" time="0.0">
    <skipped/>
  </testcase> <!-- googleOnChromeTest -->
  <testcase classname="com.testbot.testcases.dockerSeleniumTest" name="linkedInOnFirefoxTest" time="0.0">
    <skipped/>
  </testcase> <!-- linkedInOnFirefoxTest -->
</testsuite> <!-- Default test -->
